<?xml version="1.0" encoding="UTF-8"?>
<testng-results ignored="0" total="1" passed="1" failed="0" skipped="0">
  <reporter-output>
  </reporter-output>
  <suite started-at="2024-02-22T12:29:10 IST" name="Default suite" finished-at="2024-02-22T12:29:27 IST" duration-ms="17307">
    <groups>
    </groups>
    <test started-at="2024-02-22T12:29:10 IST" name="Default test" finished-at="2024-02-22T12:29:27 IST" duration-ms="17307">
      <class name="driverFactory.AppTests">
        <test-method signature="kicktest()[pri:0, instance:driverFactory.AppTests@20deea7f]" started-at="2024-02-22T12:29:10 IST" name="kicktest" finished-at="2024-02-22T12:29:27 IST" duration-ms="17165" status="PASS">
          <reporter-output>
          </reporter-output>
        </test-method> <!-- kicktest -->
      </class> <!-- driverFactory.AppTests -->
    </test> <!-- Default test -->
  </suite> <!-- Default suite -->
</testng-results>
